<?xml version="1.0" encoding="UTF-8"?>
<!-- Generated by org.testng.reporters.JUnitXMLReporter -->
<testsuite ignored="0" hostname="SennaByte" failures="0" tests="2" name="Contact Us Form Tests" time="12.976" errors="0" timestamp="2025-09-08T04:53:59 IST">
  <testcase classname="com.tests.ContactUsFormTest" name="verifyHomePageIsVisible" time="0.004"/>
  <testcase classname="com.tests.ContactUsFormTest" name="testContactUsFormSubmission" time="4.887"/>
</testsuite> <!-- Contact Us Form Tests -->
