<?xml version="1.0" encoding="UTF-8"?>
<!-- Generated by org.testng.reporters.JUnitXMLReporter -->
<testsuite ignored="0" hostname="SennaByte" failures="0" tests="3" name="Existing Registration Test" time="10.854" errors="0" timestamp="2025-09-08T04:53:46 IST">
  <testcase classname="com.tests.ExistingRegistrationTest" name="verifyHomePageVisible" time="0.027"/>
  <testcase classname="com.tests.ExistingRegistrationTest" name="clickSignupAndVerifyNewUserSignup" time="0.759"/>
  <testcase classname="com.tests.ExistingRegistrationTest" name="registerWithExistingEmailAndVerifyError" time="3.075"/>
</testsuite> <!-- Existing Registration Test -->
