<?xml version="1.0" encoding="UTF-8"?>
<!-- Generated by org.testng.reporters.JUnitXMLReporter -->
<testsuite ignored="0" hostname="SennaByte" failures="1" tests="1" name="Registration Before checkout Tests" time="12.956" errors="0" timestamp="2025-09-08T11:55:36 IST">
  <testcase classname="com.tests.RegistrationBeforeCheckoutTest" name="verifyPlaceOrderAfterSignup" time="6.335">
    <failure type="java.lang.AssertionError" message="Not logged in properly expected [true] but found [false]">
      <![CDATA[java.lang.AssertionError: Not logged in properly expected [true] but found [false]
at com.tests.RegistrationBeforeCheckoutTest.verifyPlaceOrderAfterSignup(RegistrationBeforeCheckoutTest.java:55)
at java.base/java.util.ArrayList.forEach(ArrayList.java:1596)
... Removed 28 stack frames]]>
    </failure>
  </testcase> <!-- verifyPlaceOrderAfterSignup -->
</testsuite> <!-- Registration Before checkout Tests -->
