<?xml version="1.0" encoding="UTF-8"?>
<!-- Generated by org.testng.reporters.JUnitXMLReporter -->
<testsuite ignored="0" hostname="SennaByte" failures="0" tests="3" name="Search Products Tests" time="12.688" errors="0" timestamp="2025-09-08T11:53:58 IST">
  <testcase classname="com.tests.SearchProductsTest" name="verifyHomePageIsVisible" time="0.028"/>
  <testcase classname="com.tests.SearchProductsTest" name="verifyAllProductsPageIsVisible" time="3.375"/>
  <testcase classname="com.tests.SearchProductsTest" name="verifySearchFunctionality" time="1.319"/>
</testsuite> <!-- Search Products Tests -->
