<?xml version="1.0" encoding="UTF-8"?>
<!-- Generated by org.testng.reporters.JUnitXMLReporter -->
<testsuite ignored="0" hostname="SennaByte" failures="0" tests="2" name="Subscription Cart Tests" time="12.325" errors="0" timestamp="2025-09-08T11:54:22 IST">
  <testcase classname="com.tests.SubscriptionCartTest" name="verifyHomePageIsVisible" time="0.041"/>
  <testcase classname="com.tests.SubscriptionCartTest" name="verifySubscriptionFlow" time="5.108"/>
</testsuite> <!-- Subscription Cart Tests -->
