<?xml version="1.0" encoding="UTF-8"?>
<!-- Generated by org.testng.reporters.JUnitXMLReporter -->
<testsuite ignored="0" hostname="SennaByte" failures="0" tests="3" name="Verify All Products Tests" time="18.557" errors="0" timestamp="2025-09-08T11:53:45 IST">
  <testcase classname="com.tests.VerifyAllProductsTest" name="verifyHomePageIsVisible" time="0.03"/>
  <testcase classname="com.tests.VerifyAllProductsTest" name="verifyAllProductsPageIsVisible" time="8.985"/>
  <testcase classname="com.tests.VerifyAllProductsTest" name="verifyViewProductsFunctionality" time="1.808"/>
</testsuite> <!-- Verify All Products Tests -->
