<?xml version="1.0" encoding="UTF-8"?>
<!-- Generated by org.testng.reporters.JUnitXMLReporter -->
<testsuite ignored="0" hostname="SennaByte" failures="0" tests="2" name="Verify Test Case Tests" time="12.488" errors="0" timestamp="2025-09-08T11:53:27 IST">
  <testcase classname="com.tests.VerifyTestCaseTest" name="verifyHomePageIsVisible" time="0.007"/>
  <testcase classname="com.tests.VerifyTestCaseTest" name="verifyTestCasesNavigation" time="3.833"/>
</testsuite> <!-- Verify Test Case Tests -->
